status file for recon-all
Sun Jan 28 18:18:23 UTC 2018
#@# MotionCor Sun Jan 28 18:18:29 UTC 2018
#@# Talairach Sun Jan 28 18:18:51 UTC 2018
#@# Talairach Failure Detection Sun Jan 28 18:24:02 UTC 2018
#@# Nu Intensity Correction Sun Jan 28 18:24:02 UTC 2018
#@# Intensity Normalization Sun Jan 28 18:31:43 UTC 2018
#@# Skull Stripping Sun Jan 28 18:40:14 UTC 2018
#@# EM Registration Sun Jan 28 19:40:07 UTC 2018
#@# CA Normalize Sun Jan 28 20:30:08 UTC 2018
#@# CA Reg Sun Jan 28 20:34:11 UTC 2018
#@# SubCort Seg Mon Jan 29 05:43:24 UTC 2018
#@# Merge ASeg Mon Jan 29 09:26:00 UTC 2018
#@# Intensity Normalization2 Mon Jan 29 09:26:00 UTC 2018
#@# Mask BFS Mon Jan 29 09:34:47 UTC 2018
#@# WM Segmentation Mon Jan 29 09:34:52 UTC 2018
#@# Fill Mon Jan 29 09:41:35 UTC 2018
#@# Tessellate lh Mon Jan 29 09:43:45 UTC 2018
#@# Tessellate rh Mon Jan 29 09:44:01 UTC 2018
#@# Smooth1 lh Mon Jan 29 09:44:17 UTC 2018
#@# Smooth1 rh Mon Jan 29 09:44:30 UTC 2018
#@# Inflation1 lh Mon Jan 29 09:44:43 UTC 2018
#@# Inflation1 rh Mon Jan 29 09:46:03 UTC 2018
#@# QSphere lh Mon Jan 29 09:47:28 UTC 2018
#@# QSphere rh Mon Jan 29 09:55:33 UTC 2018
#@# Fix Topology Copy lh Mon Jan 29 10:03:41 UTC 2018
#@# Fix Topology Copy rh Mon Jan 29 10:03:41 UTC 2018
#@# Fix Topology lh Mon Jan 29 10:03:41 UTC 2018
#@# Fix Topology rh Mon Jan 29 12:12:29 UTC 2018
#@# Make White Surf lh Mon Jan 29 14:19:09 UTC 2018
#@# Make White Surf rh Mon Jan 29 14:31:17 UTC 2018
#@# Smooth2 lh Mon Jan 29 14:43:25 UTC 2018
#@# Smooth2 rh Mon Jan 29 14:43:40 UTC 2018
#@# Inflation2 lh Mon Jan 29 14:43:55 UTC 2018
#@# Inflation2 rh Mon Jan 29 14:45:25 UTC 2018
#@# Curv .H and .K lh Mon Jan 29 14:47:04 UTC 2018
#@# Curv .H and .K rh Mon Jan 29 14:50:30 UTC 2018
#@# Curvature Stats lh Mon Jan 29 14:53:50 UTC 2018
#@# Curvature Stats rh Mon Jan 29 14:54:02 UTC 2018
#@# Sphere lh Mon Jan 29 14:54:11 UTC 2018
#@# Sphere rh Mon Jan 29 16:53:55 UTC 2018
#@# Surf Reg lh Mon Jan 29 18:42:47 UTC 2018
#@# Surf Reg rh Mon Jan 29 20:42:29 UTC 2018
#@# Jacobian white lh Mon Jan 29 22:51:19 UTC 2018
#@# Jacobian white rh Mon Jan 29 22:51:24 UTC 2018
#@# AvgCurv lh Mon Jan 29 22:51:28 UTC 2018
#@# AvgCurv rh Mon Jan 29 22:51:32 UTC 2018
#@# Cortical Parc lh Mon Jan 29 22:51:36 UTC 2018
#@# Cortical Parc rh Mon Jan 29 22:52:24 UTC 2018
#@# Make Pial Surf lh Mon Jan 29 22:53:01 UTC 2018
#@# Make Pial Surf rh Mon Jan 29 23:28:12 UTC 2018
#@# Surf Volume lh Tue Jan 30 00:02:31 UTC 2018
#@# Surf Volume rh Tue Jan 30 00:02:40 UTC 2018
#@# Cortical ribbon mask Tue Jan 30 00:02:48 UTC 2018
#@# Parcellation Stats lh Tue Jan 30 00:34:15 UTC 2018
#@# Parcellation Stats rh Tue Jan 30 00:37:15 UTC 2018
#@# Cortical Parc 2 lh Tue Jan 30 00:40:19 UTC 2018
#@# Cortical Parc 2 rh Tue Jan 30 00:41:02 UTC 2018
#@# Parcellation Stats 2 lh Tue Jan 30 00:41:46 UTC 2018
#@# Parcellation Stats 2 rh Tue Jan 30 00:43:21 UTC 2018
#@# Cortical Parc 3 lh Tue Jan 30 00:44:57 UTC 2018
#@# Cortical Parc 3 rh Tue Jan 30 00:45:36 UTC 2018
#@# Parcellation Stats 3 lh Tue Jan 30 00:46:13 UTC 2018
#@# Parcellation Stats 3 rh Tue Jan 30 00:47:43 UTC 2018
#@# WM/GM Contrast lh Tue Jan 30 00:49:18 UTC 2018
#@# WM/GM Contrast rh Tue Jan 30 00:49:32 UTC 2018
#@# Relabel Hypointensities Tue Jan 30 00:49:45 UTC 2018
#@# AParc-to-ASeg aparc Tue Jan 30 00:50:44 UTC 2018
#@# AParc-to-ASeg a2009s Tue Jan 30 01:01:55 UTC 2018
#@# AParc-to-ASeg DKTatlas Tue Jan 30 01:12:45 UTC 2018
#@# APas-to-ASeg Tue Jan 30 01:23:47 UTC 2018
#@# ASeg Stats Tue Jan 30 01:24:01 UTC 2018
#@# WMParc Tue Jan 30 01:32:01 UTC 2018
#@# BA_exvivo Labels lh Tue Jan 30 01:57:02 UTC 2018
#@# BA_exvivo Labels rh Tue Jan 30 02:08:40 UTC 2018
recon-all -s 4104 finished without error at Tue Jan 30 02:20:33 UTC 2018
