status file for recon-all
Sat Jan 27 01:25:49 UTC 2018
#@# MotionCor Sat Jan 27 01:26:03 UTC 2018
#@# Talairach Sat Jan 27 01:26:42 UTC 2018
#@# Talairach Failure Detection Sat Jan 27 01:47:43 UTC 2018
#@# Nu Intensity Correction Sat Jan 27 01:47:44 UTC 2018
#@# Intensity Normalization Sat Jan 27 02:07:56 UTC 2018
#@# Skull Stripping Sat Jan 27 02:17:43 UTC 2018
#@# EM Registration Sat Jan 27 03:21:30 UTC 2018
#@# CA Normalize Sat Jan 27 04:14:28 UTC 2018
#@# CA Reg Sat Jan 27 04:19:14 UTC 2018
#@# SubCort Seg Sat Jan 27 12:38:48 UTC 2018
#@# Merge ASeg Sat Jan 27 15:38:10 UTC 2018
#@# Intensity Normalization2 Sat Jan 27 15:38:10 UTC 2018
#@# Mask BFS Sat Jan 27 15:48:27 UTC 2018
#@# WM Segmentation Sat Jan 27 15:48:34 UTC 2018
#@# Fill Sat Jan 27 15:54:12 UTC 2018
#@# Tessellate lh Sat Jan 27 15:56:35 UTC 2018
#@# Tessellate rh Sat Jan 27 15:56:54 UTC 2018
#@# Smooth1 lh Sat Jan 27 15:57:14 UTC 2018
#@# Smooth1 rh Sat Jan 27 15:57:28 UTC 2018
#@# Inflation1 lh Sat Jan 27 15:57:45 UTC 2018
#@# Inflation1 rh Sat Jan 27 15:59:19 UTC 2018
#@# QSphere lh Sat Jan 27 16:01:00 UTC 2018
#@# QSphere rh Sat Jan 27 16:10:08 UTC 2018
#@# Fix Topology Copy lh Sat Jan 27 16:20:33 UTC 2018
#@# Fix Topology Copy rh Sat Jan 27 16:20:33 UTC 2018
#@# Fix Topology lh Sat Jan 27 16:20:33 UTC 2018
#@# Fix Topology rh Sat Jan 27 17:50:28 UTC 2018
#@# Make White Surf lh Sat Jan 27 18:55:06 UTC 2018
#@# Make White Surf rh Sat Jan 27 19:08:55 UTC 2018
#@# Smooth2 lh Sat Jan 27 19:22:49 UTC 2018
#@# Smooth2 rh Sat Jan 27 19:23:05 UTC 2018
#@# Inflation2 lh Sat Jan 27 19:23:19 UTC 2018
#@# Inflation2 rh Sat Jan 27 19:25:01 UTC 2018
#@# Curv .H and .K lh Sat Jan 27 19:26:37 UTC 2018
#@# Curv .H and .K rh Sat Jan 27 19:30:25 UTC 2018
#@# Curvature Stats lh Sat Jan 27 19:34:16 UTC 2018
#@# Curvature Stats rh Sat Jan 27 19:34:24 UTC 2018
#@# Sphere lh Sat Jan 27 19:34:34 UTC 2018
#@# Sphere rh Sat Jan 27 21:59:56 UTC 2018
#@# Surf Reg lh Sun Jan 28 00:10:37 UTC 2018
#@# Surf Reg rh Sun Jan 28 02:30:14 UTC 2018
#@# Jacobian white lh Sun Jan 28 04:31:13 UTC 2018
#@# Jacobian white rh Sun Jan 28 04:31:18 UTC 2018
#@# AvgCurv lh Sun Jan 28 04:31:23 UTC 2018
#@# AvgCurv rh Sun Jan 28 04:31:26 UTC 2018
#@# Cortical Parc lh Sun Jan 28 04:31:31 UTC 2018
#@# Cortical Parc rh Sun Jan 28 04:32:08 UTC 2018
#@# Make Pial Surf lh Sun Jan 28 04:32:45 UTC 2018
#@# Make Pial Surf rh Sun Jan 28 05:05:06 UTC 2018
#@# Surf Volume lh Sun Jan 28 05:36:27 UTC 2018
#@# Surf Volume rh Sun Jan 28 05:36:34 UTC 2018
#@# Cortical ribbon mask Sun Jan 28 05:36:41 UTC 2018
#@# Parcellation Stats lh Sun Jan 28 06:11:16 UTC 2018
#@# Parcellation Stats rh Sun Jan 28 06:14:09 UTC 2018
#@# Cortical Parc 2 lh Sun Jan 28 06:17:09 UTC 2018
#@# Cortical Parc 2 rh Sun Jan 28 06:17:46 UTC 2018
#@# Parcellation Stats 2 lh Sun Jan 28 06:18:26 UTC 2018
#@# Parcellation Stats 2 rh Sun Jan 28 06:19:54 UTC 2018
#@# Cortical Parc 3 lh Sun Jan 28 06:21:25 UTC 2018
#@# Cortical Parc 3 rh Sun Jan 28 06:21:54 UTC 2018
#@# Parcellation Stats 3 lh Sun Jan 28 06:22:25 UTC 2018
#@# Parcellation Stats 3 rh Sun Jan 28 06:23:51 UTC 2018
#@# WM/GM Contrast lh Sun Jan 28 06:25:21 UTC 2018
#@# WM/GM Contrast rh Sun Jan 28 06:25:35 UTC 2018
#@# Relabel Hypointensities Sun Jan 28 06:25:46 UTC 2018
#@# AParc-to-ASeg aparc Sun Jan 28 06:26:38 UTC 2018
#@# AParc-to-ASeg a2009s Sun Jan 28 06:36:34 UTC 2018
#@# AParc-to-ASeg DKTatlas Sun Jan 28 06:46:20 UTC 2018
#@# APas-to-ASeg Sun Jan 28 06:55:25 UTC 2018
#@# ASeg Stats Sun Jan 28 06:55:37 UTC 2018
#@# WMParc Sun Jan 28 07:02:51 UTC 2018
#@# BA_exvivo Labels lh Sun Jan 28 07:23:03 UTC 2018
#@# BA_exvivo Labels rh Sun Jan 28 07:32:39 UTC 2018
recon-all -s 4001 finished without error at Sun Jan 28 07:42:21 UTC 2018
