status file for recon-all
Sun Jan 21 21:56:08 UTC 2018
#@# MotionCor Sun Jan 21 21:56:13 UTC 2018
#@# Talairach Sun Jan 21 21:56:31 UTC 2018
#@# Talairach Failure Detection Sun Jan 21 22:01:19 UTC 2018
#@# Nu Intensity Correction Sun Jan 21 22:01:19 UTC 2018
#@# Intensity Normalization Sun Jan 21 22:08:53 UTC 2018
#@# Skull Stripping Sun Jan 21 22:17:41 UTC 2018
#@# EM Registration Sun Jan 21 23:17:53 UTC 2018
#@# CA Normalize Sun Jan 21 23:56:01 UTC 2018
#@# CA Reg Mon Jan 22 00:00:54 UTC 2018
#@# SubCort Seg Mon Jan 22 08:42:37 UTC 2018
#@# Merge ASeg Mon Jan 22 12:12:04 UTC 2018
#@# Intensity Normalization2 Mon Jan 22 12:12:04 UTC 2018
#@# Mask BFS Mon Jan 22 12:21:52 UTC 2018
#@# WM Segmentation Mon Jan 22 12:21:56 UTC 2018
#@# Fill Mon Jan 22 12:28:10 UTC 2018
#@# Tessellate lh Mon Jan 22 12:30:33 UTC 2018
#@# Tessellate rh Mon Jan 22 12:30:49 UTC 2018
#@# Smooth1 lh Mon Jan 22 12:31:01 UTC 2018
#@# Smooth1 rh Mon Jan 22 12:31:14 UTC 2018
#@# Inflation1 lh Mon Jan 22 12:31:27 UTC 2018
#@# Inflation1 rh Mon Jan 22 12:32:55 UTC 2018
#@# QSphere lh Mon Jan 22 12:34:19 UTC 2018
#@# QSphere rh Mon Jan 22 12:42:40 UTC 2018
#@# Fix Topology Copy lh Mon Jan 22 12:51:28 UTC 2018
#@# Fix Topology Copy rh Mon Jan 22 12:51:29 UTC 2018
#@# Fix Topology lh Mon Jan 22 12:51:29 UTC 2018
#@# Fix Topology rh Mon Jan 22 15:49:43 UTC 2018
#@# Make White Surf lh Mon Jan 22 18:41:38 UTC 2018
#@# Make White Surf rh Mon Jan 22 18:52:57 UTC 2018
#@# Smooth2 lh Mon Jan 22 19:03:43 UTC 2018
#@# Smooth2 rh Mon Jan 22 19:03:57 UTC 2018
#@# Inflation2 lh Mon Jan 22 19:04:09 UTC 2018
#@# Inflation2 rh Mon Jan 22 19:05:31 UTC 2018
#@# Curv .H and .K lh Mon Jan 22 19:06:50 UTC 2018
#@# Curv .H and .K rh Mon Jan 22 19:10:11 UTC 2018
#@# Curvature Stats lh Mon Jan 22 19:13:20 UTC 2018
#@# Curvature Stats rh Mon Jan 22 19:13:28 UTC 2018
#@# Sphere lh Mon Jan 22 19:13:37 UTC 2018
#@# Sphere rh Mon Jan 22 21:42:50 UTC 2018
#@# Surf Reg lh Mon Jan 22 23:47:36 UTC 2018
#@# Surf Reg rh Tue Jan 23 01:36:27 UTC 2018
#@# Jacobian white lh Tue Jan 23 03:56:19 UTC 2018
#@# Jacobian white rh Tue Jan 23 03:56:24 UTC 2018
#@# AvgCurv lh Tue Jan 23 03:56:28 UTC 2018
#@# AvgCurv rh Tue Jan 23 03:56:32 UTC 2018
#@# Cortical Parc lh Tue Jan 23 03:56:36 UTC 2018
#@# Cortical Parc rh Tue Jan 23 03:57:15 UTC 2018
#@# Make Pial Surf lh Tue Jan 23 03:57:50 UTC 2018
#@# Make Pial Surf rh Tue Jan 23 04:34:11 UTC 2018
#@# Surf Volume lh Tue Jan 23 05:12:14 UTC 2018
#@# Surf Volume rh Tue Jan 23 05:12:26 UTC 2018
#@# Cortical ribbon mask Tue Jan 23 05:12:35 UTC 2018
#@# Parcellation Stats lh Tue Jan 23 05:51:57 UTC 2018
#@# Parcellation Stats rh Tue Jan 23 05:56:52 UTC 2018
#@# Cortical Parc 2 lh Tue Jan 23 06:01:14 UTC 2018
#@# Cortical Parc 2 rh Tue Jan 23 06:02:05 UTC 2018
#@# Parcellation Stats 2 lh Tue Jan 23 06:03:03 UTC 2018
#@# Parcellation Stats 2 rh Tue Jan 23 06:05:22 UTC 2018
#@# Cortical Parc 3 lh Tue Jan 23 06:07:39 UTC 2018
#@# Cortical Parc 3 rh Tue Jan 23 06:08:27 UTC 2018
#@# Parcellation Stats 3 lh Tue Jan 23 06:09:11 UTC 2018
#@# Parcellation Stats 3 rh Tue Jan 23 06:11:13 UTC 2018
#@# WM/GM Contrast lh Tue Jan 23 06:13:13 UTC 2018
#@# WM/GM Contrast rh Tue Jan 23 06:13:29 UTC 2018
#@# Relabel Hypointensities Tue Jan 23 06:13:46 UTC 2018
#@# AParc-to-ASeg aparc Tue Jan 23 06:15:04 UTC 2018
#@# AParc-to-ASeg a2009s Tue Jan 23 06:28:46 UTC 2018
#@# AParc-to-ASeg DKTatlas Tue Jan 23 06:40:25 UTC 2018
#@# APas-to-ASeg Tue Jan 23 06:52:32 UTC 2018
#@# ASeg Stats Tue Jan 23 06:52:51 UTC 2018
#@# WMParc Tue Jan 23 07:05:00 UTC 2018
#@# BA_exvivo Labels lh Tue Jan 23 07:33:35 UTC 2018
#@# BA_exvivo Labels rh Tue Jan 23 07:45:31 UTC 2018
recon-all -s 3023 finished without error at Tue Jan 23 07:56:57 UTC 2018
