status file for recon-all
Tue Jan 23 02:58:54 UTC 2018
#@# MotionCor Tue Jan 23 02:59:01 UTC 2018
#@# Talairach Tue Jan 23 02:59:36 UTC 2018
#@# Talairach Failure Detection Tue Jan 23 03:04:41 UTC 2018
#@# Nu Intensity Correction Tue Jan 23 03:04:42 UTC 2018
#@# Intensity Normalization Tue Jan 23 03:10:42 UTC 2018
#@# Skull Stripping Tue Jan 23 03:16:58 UTC 2018
#@# EM Registration Tue Jan 23 04:14:50 UTC 2018
#@# CA Normalize Tue Jan 23 05:03:01 UTC 2018
#@# CA Reg Tue Jan 23 05:08:41 UTC 2018
#@# SubCort Seg Tue Jan 23 11:16:46 UTC 2018
#@# Merge ASeg Tue Jan 23 13:36:11 UTC 2018
#@# Intensity Normalization2 Tue Jan 23 13:36:11 UTC 2018
#@# Mask BFS Tue Jan 23 13:42:44 UTC 2018
#@# WM Segmentation Tue Jan 23 13:42:48 UTC 2018
#@# Fill Tue Jan 23 13:47:06 UTC 2018
#@# Tessellate lh Tue Jan 23 13:48:43 UTC 2018
#@# Tessellate rh Tue Jan 23 13:48:55 UTC 2018
#@# Smooth1 lh Tue Jan 23 13:49:09 UTC 2018
#@# Smooth1 rh Tue Jan 23 13:49:19 UTC 2018
#@# Inflation1 lh Tue Jan 23 13:49:29 UTC 2018
#@# Inflation1 rh Tue Jan 23 13:50:28 UTC 2018
#@# QSphere lh Tue Jan 23 13:51:28 UTC 2018
#@# QSphere rh Tue Jan 23 13:57:53 UTC 2018
#@# Fix Topology Copy lh Tue Jan 23 14:04:26 UTC 2018
#@# Fix Topology Copy rh Tue Jan 23 14:04:26 UTC 2018
#@# Fix Topology lh Tue Jan 23 14:04:26 UTC 2018
#@# Fix Topology rh Tue Jan 23 15:05:18 UTC 2018
#@# Make White Surf lh Tue Jan 23 16:21:45 UTC 2018
#@# Make White Surf rh Tue Jan 23 16:29:23 UTC 2018
#@# Smooth2 lh Tue Jan 23 16:37:16 UTC 2018
#@# Smooth2 rh Tue Jan 23 16:37:24 UTC 2018
#@# Inflation2 lh Tue Jan 23 16:37:33 UTC 2018
#@# Inflation2 rh Tue Jan 23 16:38:25 UTC 2018
#@# Curv .H and .K lh Tue Jan 23 16:39:18 UTC 2018
#@# Curv .H and .K rh Tue Jan 23 16:41:24 UTC 2018
#@# Curvature Stats lh Tue Jan 23 16:43:28 UTC 2018
#@# Curvature Stats rh Tue Jan 23 16:43:34 UTC 2018
#@# Sphere lh Tue Jan 23 16:43:39 UTC 2018
#@# Sphere rh Tue Jan 23 17:49:18 UTC 2018
