status file for recon-all
Sun Jan 21 21:57:39 UTC 2018
#@# MotionCor Sun Jan 21 21:57:50 UTC 2018
#@# Talairach Sun Jan 21 21:58:24 UTC 2018
#@# Talairach Failure Detection Sun Jan 21 22:05:07 UTC 2018
#@# Nu Intensity Correction Sun Jan 21 22:05:08 UTC 2018
#@# Intensity Normalization Sun Jan 21 22:14:46 UTC 2018
#@# Skull Stripping Sun Jan 21 22:21:57 UTC 2018
#@# EM Registration Sun Jan 21 23:37:16 UTC 2018
#@# CA Normalize Mon Jan 22 00:33:45 UTC 2018
#@# CA Reg Mon Jan 22 00:38:51 UTC 2018
#@# SubCort Seg Mon Jan 22 10:17:07 UTC 2018
#@# Merge ASeg Mon Jan 22 13:20:33 UTC 2018
#@# Intensity Normalization2 Mon Jan 22 13:20:33 UTC 2018
#@# Mask BFS Mon Jan 22 13:30:54 UTC 2018
#@# WM Segmentation Mon Jan 22 13:31:01 UTC 2018
#@# Fill Mon Jan 22 13:37:03 UTC 2018
#@# Tessellate lh Mon Jan 22 13:39:24 UTC 2018
#@# Tessellate rh Mon Jan 22 13:39:46 UTC 2018
#@# Smooth1 lh Mon Jan 22 13:40:06 UTC 2018
#@# Smooth1 rh Mon Jan 22 13:40:21 UTC 2018
#@# Inflation1 lh Mon Jan 22 13:40:36 UTC 2018
#@# Inflation1 rh Mon Jan 22 13:42:09 UTC 2018
#@# QSphere lh Mon Jan 22 13:43:43 UTC 2018
#@# QSphere rh Mon Jan 22 13:52:39 UTC 2018
#@# Fix Topology Copy lh Mon Jan 22 14:01:22 UTC 2018
#@# Fix Topology Copy rh Mon Jan 22 14:01:22 UTC 2018
#@# Fix Topology lh Mon Jan 22 14:01:22 UTC 2018
#@# Fix Topology rh Mon Jan 22 23:31:38 UTC 2018
#@# Make White Surf lh Tue Jan 23 05:57:43 UTC 2018
#@# Make White Surf rh Tue Jan 23 06:11:48 UTC 2018
#@# Smooth2 lh Tue Jan 23 06:24:43 UTC 2018
#@# Smooth2 rh Tue Jan 23 06:24:59 UTC 2018
#@# Inflation2 lh Tue Jan 23 06:25:15 UTC 2018
#@# Inflation2 rh Tue Jan 23 06:26:47 UTC 2018
#@# Curv .H and .K lh Tue Jan 23 06:28:05 UTC 2018
#@# Curv .H and .K rh Tue Jan 23 06:31:10 UTC 2018
#@# Curvature Stats lh Tue Jan 23 06:34:17 UTC 2018
#@# Curvature Stats rh Tue Jan 23 06:34:24 UTC 2018
#@# Sphere lh Tue Jan 23 06:34:33 UTC 2018
#@# Sphere rh Tue Jan 23 08:33:48 UTC 2018
#@# Surf Reg lh Tue Jan 23 10:19:59 UTC 2018
#@# Surf Reg rh Tue Jan 23 11:52:07 UTC 2018
#@# Jacobian white lh Tue Jan 23 13:17:33 UTC 2018
#@# Jacobian white rh Tue Jan 23 13:17:37 UTC 2018
#@# AvgCurv lh Tue Jan 23 13:17:40 UTC 2018
#@# AvgCurv rh Tue Jan 23 13:17:43 UTC 2018
#@# Cortical Parc lh Tue Jan 23 13:17:46 UTC 2018
#@# Cortical Parc rh Tue Jan 23 13:18:12 UTC 2018
#@# Make Pial Surf lh Tue Jan 23 13:18:40 UTC 2018
#@# Make Pial Surf rh Tue Jan 23 13:45:20 UTC 2018
#@# Surf Volume lh Tue Jan 23 14:12:53 UTC 2018
#@# Surf Volume rh Tue Jan 23 14:12:59 UTC 2018
#@# Cortical ribbon mask Tue Jan 23 14:13:05 UTC 2018
#@# Parcellation Stats lh Tue Jan 23 14:34:19 UTC 2018
#@# Parcellation Stats rh Tue Jan 23 14:36:49 UTC 2018
#@# Cortical Parc 2 lh Tue Jan 23 14:39:23 UTC 2018
#@# Cortical Parc 2 rh Tue Jan 23 14:40:00 UTC 2018
#@# Parcellation Stats 2 lh Tue Jan 23 14:40:39 UTC 2018
#@# Parcellation Stats 2 rh Tue Jan 23 14:41:59 UTC 2018
#@# Cortical Parc 3 lh Tue Jan 23 14:43:16 UTC 2018
#@# Cortical Parc 3 rh Tue Jan 23 14:43:44 UTC 2018
#@# Parcellation Stats 3 lh Tue Jan 23 14:44:12 UTC 2018
#@# Parcellation Stats 3 rh Tue Jan 23 14:45:31 UTC 2018
#@# WM/GM Contrast lh Tue Jan 23 14:46:51 UTC 2018
#@# WM/GM Contrast rh Tue Jan 23 14:47:02 UTC 2018
#@# Relabel Hypointensities Tue Jan 23 14:47:12 UTC 2018
#@# AParc-to-ASeg aparc Tue Jan 23 14:47:58 UTC 2018
#@# AParc-to-ASeg a2009s Tue Jan 23 14:57:36 UTC 2018
#@# AParc-to-ASeg DKTatlas Tue Jan 23 15:07:13 UTC 2018
#@# APas-to-ASeg Tue Jan 23 15:16:40 UTC 2018
#@# ASeg Stats Tue Jan 23 15:16:53 UTC 2018
#@# WMParc Tue Jan 23 15:24:52 UTC 2018
#@# BA_exvivo Labels lh Tue Jan 23 15:45:28 UTC 2018
#@# BA_exvivo Labels rh Tue Jan 23 15:54:58 UTC 2018
recon-all -s 3029 finished without error at Tue Jan 23 16:04:29 UTC 2018
