status file for recon-all
Sat Jan 27 01:24:26 UTC 2018
#@# MotionCor Sat Jan 27 01:24:30 UTC 2018
#@# Talairach Sat Jan 27 01:24:52 UTC 2018
#@# Talairach Failure Detection Sat Jan 27 01:38:55 UTC 2018
#@# Nu Intensity Correction Sat Jan 27 01:38:56 UTC 2018
#@# Intensity Normalization Sat Jan 27 02:03:42 UTC 2018
#@# Skull Stripping Sat Jan 27 02:13:23 UTC 2018
#@# EM Registration Sat Jan 27 03:11:43 UTC 2018
#@# CA Normalize Sat Jan 27 03:55:10 UTC 2018
#@# CA Reg Sat Jan 27 03:59:16 UTC 2018
#@# SubCort Seg Sat Jan 27 12:11:14 UTC 2018
#@# Merge ASeg Sat Jan 27 15:27:32 UTC 2018
#@# Intensity Normalization2 Sat Jan 27 15:27:32 UTC 2018
#@# Mask BFS Sat Jan 27 15:37:52 UTC 2018
#@# WM Segmentation Sat Jan 27 15:37:56 UTC 2018
#@# Fill Sat Jan 27 15:46:28 UTC 2018
#@# Tessellate lh Sat Jan 27 15:48:58 UTC 2018
#@# Tessellate rh Sat Jan 27 15:49:13 UTC 2018
#@# Smooth1 lh Sat Jan 27 15:49:30 UTC 2018
#@# Smooth1 rh Sat Jan 27 15:49:43 UTC 2018
#@# Inflation1 lh Sat Jan 27 15:49:57 UTC 2018
#@# Inflation1 rh Sat Jan 27 15:51:24 UTC 2018
#@# QSphere lh Sat Jan 27 15:52:53 UTC 2018
#@# QSphere rh Sat Jan 27 16:02:17 UTC 2018
#@# Fix Topology Copy lh Sat Jan 27 16:11:51 UTC 2018
#@# Fix Topology Copy rh Sat Jan 27 16:11:51 UTC 2018
#@# Fix Topology lh Sat Jan 27 16:11:51 UTC 2018
#@# Fix Topology rh Sat Jan 27 17:12:19 UTC 2018
#@# Make White Surf lh Sat Jan 27 18:27:06 UTC 2018
#@# Make White Surf rh Sat Jan 27 18:38:47 UTC 2018
#@# Smooth2 lh Sat Jan 27 18:50:50 UTC 2018
#@# Smooth2 rh Sat Jan 27 18:51:04 UTC 2018
#@# Inflation2 lh Sat Jan 27 18:51:16 UTC 2018
#@# Inflation2 rh Sat Jan 27 18:52:42 UTC 2018
#@# Curv .H and .K lh Sat Jan 27 18:54:08 UTC 2018
#@# Curv .H and .K rh Sat Jan 27 18:57:42 UTC 2018
#@# Curvature Stats lh Sat Jan 27 19:01:00 UTC 2018
#@# Curvature Stats rh Sat Jan 27 19:01:09 UTC 2018
#@# Sphere lh Sat Jan 27 19:01:19 UTC 2018
#@# Sphere rh Sat Jan 27 20:35:32 UTC 2018
#@# Surf Reg lh Sat Jan 27 22:50:28 UTC 2018
#@# Surf Reg rh Sun Jan 28 01:10:43 UTC 2018
#@# Jacobian white lh Sun Jan 28 03:26:04 UTC 2018
#@# Jacobian white rh Sun Jan 28 03:26:07 UTC 2018
#@# AvgCurv lh Sun Jan 28 03:26:13 UTC 2018
#@# AvgCurv rh Sun Jan 28 03:26:17 UTC 2018
#@# Cortical Parc lh Sun Jan 28 03:26:23 UTC 2018
#@# Cortical Parc rh Sun Jan 28 03:27:04 UTC 2018
#@# Make Pial Surf lh Sun Jan 28 03:27:44 UTC 2018
#@# Make Pial Surf rh Sun Jan 28 04:05:35 UTC 2018
#@# Surf Volume lh Sun Jan 28 04:40:24 UTC 2018
#@# Surf Volume rh Sun Jan 28 04:40:31 UTC 2018
#@# Cortical ribbon mask Sun Jan 28 04:40:38 UTC 2018
#@# Parcellation Stats lh Sun Jan 28 05:03:56 UTC 2018
#@# Parcellation Stats rh Sun Jan 28 05:07:04 UTC 2018
#@# Cortical Parc 2 lh Sun Jan 28 05:10:08 UTC 2018
#@# Cortical Parc 2 rh Sun Jan 28 05:10:54 UTC 2018
#@# Parcellation Stats 2 lh Sun Jan 28 05:11:34 UTC 2018
#@# Parcellation Stats 2 rh Sun Jan 28 05:13:09 UTC 2018
#@# Cortical Parc 3 lh Sun Jan 28 05:14:38 UTC 2018
#@# Cortical Parc 3 rh Sun Jan 28 05:15:12 UTC 2018
#@# Parcellation Stats 3 lh Sun Jan 28 05:15:48 UTC 2018
#@# Parcellation Stats 3 rh Sun Jan 28 05:17:17 UTC 2018
#@# WM/GM Contrast lh Sun Jan 28 05:18:52 UTC 2018
#@# WM/GM Contrast rh Sun Jan 28 05:19:06 UTC 2018
#@# Relabel Hypointensities Sun Jan 28 05:19:19 UTC 2018
#@# AParc-to-ASeg aparc Sun Jan 28 05:20:17 UTC 2018
#@# AParc-to-ASeg a2009s Sun Jan 28 05:32:42 UTC 2018
#@# AParc-to-ASeg DKTatlas Sun Jan 28 05:43:56 UTC 2018
#@# APas-to-ASeg Sun Jan 28 05:55:08 UTC 2018
#@# ASeg Stats Sun Jan 28 05:55:22 UTC 2018
#@# WMParc Sun Jan 28 06:03:05 UTC 2018
#@# BA_exvivo Labels lh Sun Jan 28 06:25:06 UTC 2018
#@# BA_exvivo Labels rh Sun Jan 28 06:35:11 UTC 2018
recon-all -s 3466 finished without error at Sun Jan 28 06:45:03 UTC 2018
