status file for recon-all
Sun Jan 21 21:57:06 UTC 2018
#@# MotionCor Sun Jan 21 21:57:18 UTC 2018
#@# Talairach Sun Jan 21 21:57:50 UTC 2018
#@# Talairach Failure Detection Sun Jan 21 22:04:41 UTC 2018
#@# Nu Intensity Correction Sun Jan 21 22:04:41 UTC 2018
#@# Intensity Normalization Sun Jan 21 22:14:26 UTC 2018
#@# Skull Stripping Sun Jan 21 22:21:41 UTC 2018
#@# EM Registration Sun Jan 21 23:13:32 UTC 2018
#@# CA Normalize Sun Jan 21 23:58:10 UTC 2018
#@# CA Reg Mon Jan 22 00:02:54 UTC 2018
#@# SubCort Seg Mon Jan 22 09:48:43 UTC 2018
#@# Merge ASeg Mon Jan 22 12:47:08 UTC 2018
#@# Intensity Normalization2 Mon Jan 22 12:47:08 UTC 2018
#@# Mask BFS Mon Jan 22 12:57:08 UTC 2018
#@# WM Segmentation Mon Jan 22 12:57:14 UTC 2018
#@# Fill Mon Jan 22 13:03:30 UTC 2018
#@# Tessellate lh Mon Jan 22 13:05:55 UTC 2018
#@# Tessellate rh Mon Jan 22 13:06:15 UTC 2018
#@# Smooth1 lh Mon Jan 22 13:06:33 UTC 2018
#@# Smooth1 rh Mon Jan 22 13:06:45 UTC 2018
#@# Inflation1 lh Mon Jan 22 13:06:56 UTC 2018
#@# Inflation1 rh Mon Jan 22 13:08:22 UTC 2018
#@# QSphere lh Mon Jan 22 13:09:48 UTC 2018
#@# QSphere rh Mon Jan 22 13:18:33 UTC 2018
#@# Fix Topology Copy lh Mon Jan 22 13:28:16 UTC 2018
#@# Fix Topology Copy rh Mon Jan 22 13:28:16 UTC 2018
#@# Fix Topology lh Mon Jan 22 13:28:16 UTC 2018
#@# Fix Topology rh Mon Jan 22 15:03:30 UTC 2018
#@# Make White Surf lh Mon Jan 22 16:12:46 UTC 2018
#@# Make White Surf rh Mon Jan 22 16:23:35 UTC 2018
#@# Smooth2 lh Mon Jan 22 16:34:18 UTC 2018
#@# Smooth2 rh Mon Jan 22 16:34:33 UTC 2018
#@# Inflation2 lh Mon Jan 22 16:34:45 UTC 2018
#@# Inflation2 rh Mon Jan 22 16:36:02 UTC 2018
#@# Curv .H and .K lh Mon Jan 22 16:37:17 UTC 2018
#@# Curv .H and .K rh Mon Jan 22 16:40:28 UTC 2018
#@# Curvature Stats lh Mon Jan 22 16:43:28 UTC 2018
#@# Curvature Stats rh Mon Jan 22 16:43:37 UTC 2018
#@# Sphere lh Mon Jan 22 16:43:46 UTC 2018
#@# Sphere rh Mon Jan 22 18:22:47 UTC 2018
#@# Surf Reg lh Mon Jan 22 20:17:03 UTC 2018
#@# Surf Reg rh Mon Jan 22 21:57:13 UTC 2018
#@# Jacobian white lh Mon Jan 22 23:54:54 UTC 2018
#@# Jacobian white rh Mon Jan 22 23:54:59 UTC 2018
#@# AvgCurv lh Mon Jan 22 23:55:04 UTC 2018
#@# AvgCurv rh Mon Jan 22 23:55:07 UTC 2018
#@# Cortical Parc lh Mon Jan 22 23:55:11 UTC 2018
#@# Cortical Parc rh Mon Jan 22 23:55:47 UTC 2018
#@# Make Pial Surf lh Mon Jan 22 23:56:26 UTC 2018
#@# Make Pial Surf rh Tue Jan 23 00:31:19 UTC 2018
#@# Surf Volume lh Tue Jan 23 01:05:08 UTC 2018
#@# Surf Volume rh Tue Jan 23 01:05:16 UTC 2018
#@# Cortical ribbon mask Tue Jan 23 01:05:23 UTC 2018
#@# Parcellation Stats lh Tue Jan 23 01:38:30 UTC 2018
#@# Parcellation Stats rh Tue Jan 23 01:41:59 UTC 2018
#@# Cortical Parc 2 lh Tue Jan 23 01:45:24 UTC 2018
#@# Cortical Parc 2 rh Tue Jan 23 01:46:12 UTC 2018
#@# Parcellation Stats 2 lh Tue Jan 23 01:47:07 UTC 2018
#@# Parcellation Stats 2 rh Tue Jan 23 01:48:56 UTC 2018
#@# Cortical Parc 3 lh Tue Jan 23 01:50:41 UTC 2018
#@# Cortical Parc 3 rh Tue Jan 23 01:51:20 UTC 2018
#@# Parcellation Stats 3 lh Tue Jan 23 01:51:57 UTC 2018
#@# Parcellation Stats 3 rh Tue Jan 23 01:53:36 UTC 2018
#@# WM/GM Contrast lh Tue Jan 23 01:55:21 UTC 2018
#@# WM/GM Contrast rh Tue Jan 23 01:55:36 UTC 2018
#@# Relabel Hypointensities Tue Jan 23 01:55:49 UTC 2018
#@# AParc-to-ASeg aparc Tue Jan 23 01:56:58 UTC 2018
#@# AParc-to-ASeg a2009s Tue Jan 23 02:13:10 UTC 2018
#@# AParc-to-ASeg DKTatlas Tue Jan 23 02:29:33 UTC 2018
#@# APas-to-ASeg Tue Jan 23 02:45:55 UTC 2018
#@# ASeg Stats Tue Jan 23 02:46:17 UTC 2018
#@# WMParc Tue Jan 23 02:57:48 UTC 2018
#@# BA_exvivo Labels lh Tue Jan 23 03:33:34 UTC 2018
#@# BA_exvivo Labels rh Tue Jan 23 03:46:19 UTC 2018
recon-all -s 3027 finished without error at Tue Jan 23 03:59:18 UTC 2018
