status file for recon-all
Sun Jan 28 22:34:56 UTC 2018
#@# MotionCor Sun Jan 28 22:35:05 UTC 2018
#@# Talairach Sun Jan 28 22:35:37 UTC 2018
#@# Talairach Failure Detection Sun Jan 28 22:41:03 UTC 2018
#@# Nu Intensity Correction Sun Jan 28 22:41:03 UTC 2018
#@# Intensity Normalization Sun Jan 28 22:47:26 UTC 2018
#@# Skull Stripping Sun Jan 28 22:54:22 UTC 2018
#@# EM Registration Sun Jan 28 23:55:00 UTC 2018
#@# CA Normalize Mon Jan 29 00:41:50 UTC 2018
#@# CA Reg Mon Jan 29 00:46:34 UTC 2018
#@# SubCort Seg Mon Jan 29 08:33:09 UTC 2018
#@# Merge ASeg Mon Jan 29 11:07:58 UTC 2018
#@# Intensity Normalization2 Mon Jan 29 11:07:58 UTC 2018
#@# Mask BFS Mon Jan 29 11:17:39 UTC 2018
#@# WM Segmentation Mon Jan 29 11:17:44 UTC 2018
#@# Fill Mon Jan 29 11:23:56 UTC 2018
#@# Tessellate lh Mon Jan 29 11:25:54 UTC 2018
#@# Tessellate rh Mon Jan 29 11:26:13 UTC 2018
#@# Smooth1 lh Mon Jan 29 11:26:32 UTC 2018
#@# Smooth1 rh Mon Jan 29 11:26:46 UTC 2018
#@# Inflation1 lh Mon Jan 29 11:27:01 UTC 2018
#@# Inflation1 rh Mon Jan 29 11:28:25 UTC 2018
#@# QSphere lh Mon Jan 29 11:29:52 UTC 2018
#@# QSphere rh Mon Jan 29 11:38:08 UTC 2018
#@# Fix Topology Copy lh Mon Jan 29 11:46:25 UTC 2018
#@# Fix Topology Copy rh Mon Jan 29 11:46:25 UTC 2018
#@# Fix Topology lh Mon Jan 29 11:46:25 UTC 2018
#@# Fix Topology rh Wed Jan 31 00:17:35 UTC 2018
#@# Make White Surf lh Wed Jan 31 03:38:31 UTC 2018
#@# Make White Surf rh Wed Jan 31 03:48:51 UTC 2018
#@# Smooth2 lh Wed Jan 31 03:59:02 UTC 2018
#@# Smooth2 rh Wed Jan 31 03:59:13 UTC 2018
#@# Inflation2 lh Wed Jan 31 03:59:25 UTC 2018
#@# Inflation2 rh Wed Jan 31 04:00:43 UTC 2018
#@# Curv .H and .K lh Wed Jan 31 04:01:52 UTC 2018
#@# Curv .H and .K rh Wed Jan 31 04:04:49 UTC 2018
#@# Curvature Stats lh Wed Jan 31 04:07:40 UTC 2018
#@# Curvature Stats rh Wed Jan 31 04:07:47 UTC 2018
#@# Sphere lh Wed Jan 31 04:07:56 UTC 2018
#@# Sphere rh Wed Jan 31 05:56:06 UTC 2018
#@# Surf Reg lh Wed Jan 31 07:33:56 UTC 2018
#@# Surf Reg rh Wed Jan 31 09:23:22 UTC 2018
#@# Jacobian white lh Wed Jan 31 11:13:39 UTC 2018
#@# Jacobian white rh Wed Jan 31 11:13:44 UTC 2018
#@# AvgCurv lh Wed Jan 31 11:13:49 UTC 2018
#@# AvgCurv rh Wed Jan 31 11:13:52 UTC 2018
#@# Cortical Parc lh Wed Jan 31 11:13:56 UTC 2018
#@# Cortical Parc rh Wed Jan 31 11:14:27 UTC 2018
#@# Make Pial Surf lh Wed Jan 31 11:15:00 UTC 2018
#@# Make Pial Surf rh Wed Jan 31 11:47:10 UTC 2018
#@# Surf Volume lh Wed Jan 31 12:18:40 UTC 2018
#@# Surf Volume rh Wed Jan 31 12:18:48 UTC 2018
#@# Cortical ribbon mask Wed Jan 31 12:18:54 UTC 2018
#@# Parcellation Stats lh Wed Jan 31 12:44:21 UTC 2018
#@# Parcellation Stats rh Wed Jan 31 12:47:19 UTC 2018
#@# Cortical Parc 2 lh Wed Jan 31 12:50:25 UTC 2018
#@# Cortical Parc 2 rh Wed Jan 31 12:51:04 UTC 2018
#@# Parcellation Stats 2 lh Wed Jan 31 12:51:42 UTC 2018
#@# Parcellation Stats 2 rh Wed Jan 31 12:53:07 UTC 2018
#@# Cortical Parc 3 lh Wed Jan 31 12:54:42 UTC 2018
#@# Cortical Parc 3 rh Wed Jan 31 12:55:15 UTC 2018
#@# Parcellation Stats 3 lh Wed Jan 31 12:55:44 UTC 2018
#@# Parcellation Stats 3 rh Wed Jan 31 12:57:15 UTC 2018
#@# WM/GM Contrast lh Wed Jan 31 12:58:44 UTC 2018
#@# WM/GM Contrast rh Wed Jan 31 12:58:59 UTC 2018
#@# Relabel Hypointensities Wed Jan 31 12:59:13 UTC 2018
#@# AParc-to-ASeg aparc Wed Jan 31 13:00:15 UTC 2018
#@# AParc-to-ASeg a2009s Wed Jan 31 13:11:12 UTC 2018
#@# AParc-to-ASeg DKTatlas Wed Jan 31 13:21:52 UTC 2018
#@# APas-to-ASeg Wed Jan 31 13:33:29 UTC 2018
#@# ASeg Stats Wed Jan 31 13:33:47 UTC 2018
#@# WMParc Wed Jan 31 13:45:27 UTC 2018
#@# BA_exvivo Labels lh Wed Jan 31 14:11:49 UTC 2018
#@# BA_exvivo Labels rh Wed Jan 31 14:22:47 UTC 2018
recon-all -s 3134 finished without error at Wed Jan 31 14:38:12 UTC 2018
