status file for recon-all
Sun Jan 21 21:57:57 UTC 2018
#@# MotionCor Sun Jan 21 21:58:07 UTC 2018
#@# Talairach Sun Jan 21 21:58:42 UTC 2018
#@# Talairach Failure Detection Sun Jan 21 22:03:43 UTC 2018
#@# Nu Intensity Correction Sun Jan 21 22:03:43 UTC 2018
#@# Intensity Normalization Sun Jan 21 22:10:56 UTC 2018
#@# Skull Stripping Sun Jan 21 22:19:06 UTC 2018
#@# EM Registration Sun Jan 21 23:20:09 UTC 2018
#@# CA Normalize Mon Jan 22 00:37:50 UTC 2018
#@# CA Reg Mon Jan 22 00:43:17 UTC 2018
#@# SubCort Seg Mon Jan 22 09:31:37 UTC 2018
#@# Merge ASeg Mon Jan 22 12:18:15 UTC 2018
#@# Intensity Normalization2 Mon Jan 22 12:18:15 UTC 2018
#@# Mask BFS Mon Jan 22 12:27:59 UTC 2018
#@# WM Segmentation Mon Jan 22 12:28:05 UTC 2018
#@# Fill Mon Jan 22 12:33:27 UTC 2018
#@# Tessellate lh Mon Jan 22 12:35:45 UTC 2018
#@# Tessellate rh Mon Jan 22 12:36:05 UTC 2018
#@# Smooth1 lh Mon Jan 22 12:36:24 UTC 2018
#@# Smooth1 rh Mon Jan 22 12:36:38 UTC 2018
#@# Inflation1 lh Mon Jan 22 12:36:52 UTC 2018
#@# Inflation1 rh Mon Jan 22 12:38:18 UTC 2018
#@# QSphere lh Mon Jan 22 12:39:42 UTC 2018
#@# QSphere rh Mon Jan 22 12:49:32 UTC 2018
#@# Fix Topology Copy lh Mon Jan 22 12:59:17 UTC 2018
#@# Fix Topology Copy rh Mon Jan 22 12:59:17 UTC 2018
#@# Fix Topology lh Mon Jan 22 12:59:17 UTC 2018
#@# Fix Topology rh Mon Jan 22 13:41:50 UTC 2018
#@# Make White Surf lh Mon Jan 22 14:23:30 UTC 2018
#@# Make White Surf rh Mon Jan 22 14:37:49 UTC 2018
#@# Smooth2 lh Mon Jan 22 14:51:46 UTC 2018
#@# Smooth2 rh Mon Jan 22 14:52:01 UTC 2018
#@# Inflation2 lh Mon Jan 22 14:52:14 UTC 2018
#@# Inflation2 rh Mon Jan 22 14:53:43 UTC 2018
#@# Curv .H and .K lh Mon Jan 22 14:55:10 UTC 2018
#@# Curv .H and .K rh Mon Jan 22 14:58:43 UTC 2018
#@# Curvature Stats lh Mon Jan 22 15:02:19 UTC 2018
#@# Curvature Stats rh Mon Jan 22 15:02:30 UTC 2018
#@# Sphere lh Mon Jan 22 15:02:41 UTC 2018
#@# Sphere rh Mon Jan 22 17:02:49 UTC 2018
#@# Surf Reg lh Mon Jan 22 18:56:18 UTC 2018
#@# Surf Reg rh Mon Jan 22 20:57:58 UTC 2018
#@# Jacobian white lh Mon Jan 22 23:10:08 UTC 2018
#@# Jacobian white rh Mon Jan 22 23:10:14 UTC 2018
#@# AvgCurv lh Mon Jan 22 23:10:18 UTC 2018
#@# AvgCurv rh Mon Jan 22 23:10:23 UTC 2018
#@# Cortical Parc lh Mon Jan 22 23:10:28 UTC 2018
#@# Cortical Parc rh Mon Jan 22 23:11:12 UTC 2018
#@# Make Pial Surf lh Mon Jan 22 23:11:55 UTC 2018
#@# Make Pial Surf rh Mon Jan 22 23:49:57 UTC 2018
#@# Surf Volume lh Tue Jan 23 00:28:09 UTC 2018
#@# Surf Volume rh Tue Jan 23 00:28:19 UTC 2018
#@# Cortical ribbon mask Tue Jan 23 00:28:27 UTC 2018
#@# Parcellation Stats lh Tue Jan 23 01:05:43 UTC 2018
#@# Parcellation Stats rh Tue Jan 23 01:09:32 UTC 2018
#@# Cortical Parc 2 lh Tue Jan 23 01:13:33 UTC 2018
#@# Cortical Parc 2 rh Tue Jan 23 01:14:21 UTC 2018
#@# Parcellation Stats 2 lh Tue Jan 23 01:15:11 UTC 2018
#@# Parcellation Stats 2 rh Tue Jan 23 01:17:02 UTC 2018
#@# Cortical Parc 3 lh Tue Jan 23 01:18:51 UTC 2018
#@# Cortical Parc 3 rh Tue Jan 23 01:19:32 UTC 2018
#@# Parcellation Stats 3 lh Tue Jan 23 01:20:18 UTC 2018
#@# Parcellation Stats 3 rh Tue Jan 23 01:22:09 UTC 2018
#@# WM/GM Contrast lh Tue Jan 23 01:23:56 UTC 2018
#@# WM/GM Contrast rh Tue Jan 23 01:24:11 UTC 2018
#@# Relabel Hypointensities Tue Jan 23 01:24:26 UTC 2018
#@# AParc-to-ASeg aparc Tue Jan 23 01:25:42 UTC 2018
#@# AParc-to-ASeg a2009s Tue Jan 23 01:39:44 UTC 2018
#@# AParc-to-ASeg DKTatlas Tue Jan 23 01:53:38 UTC 2018
#@# APas-to-ASeg Tue Jan 23 02:08:55 UTC 2018
#@# ASeg Stats Tue Jan 23 02:09:17 UTC 2018
#@# WMParc Tue Jan 23 02:23:20 UTC 2018
#@# BA_exvivo Labels lh Tue Jan 23 02:59:03 UTC 2018
#@# BA_exvivo Labels rh Tue Jan 23 03:16:06 UTC 2018
recon-all -s 3051 finished without error at Tue Jan 23 03:31:42 UTC 2018
