status file for recon-all
Sun Jan 28 18:22:28 UTC 2018
#@# MotionCor Sun Jan 28 18:22:39 UTC 2018
#@# Talairach Sun Jan 28 18:23:21 UTC 2018
#@# Talairach Failure Detection Sun Jan 28 18:30:31 UTC 2018
#@# Nu Intensity Correction Sun Jan 28 18:30:31 UTC 2018
#@# Intensity Normalization Sun Jan 28 18:38:55 UTC 2018
#@# Skull Stripping Sun Jan 28 18:47:18 UTC 2018
#@# EM Registration Sun Jan 28 19:38:32 UTC 2018
#@# CA Normalize Sun Jan 28 20:03:26 UTC 2018
#@# CA Reg Sun Jan 28 20:07:27 UTC 2018
#@# SubCort Seg Mon Jan 29 05:11:30 UTC 2018
#@# Merge ASeg Mon Jan 29 08:39:06 UTC 2018
#@# Intensity Normalization2 Mon Jan 29 08:39:06 UTC 2018
#@# Mask BFS Mon Jan 29 08:47:59 UTC 2018
#@# WM Segmentation Mon Jan 29 08:48:05 UTC 2018
#@# Fill Mon Jan 29 08:53:36 UTC 2018
#@# Tessellate lh Mon Jan 29 08:55:40 UTC 2018
#@# Tessellate rh Mon Jan 29 08:55:58 UTC 2018
#@# Smooth1 lh Mon Jan 29 08:56:17 UTC 2018
#@# Smooth1 rh Mon Jan 29 08:56:31 UTC 2018
#@# Inflation1 lh Mon Jan 29 08:56:45 UTC 2018
#@# Inflation1 rh Mon Jan 29 08:58:06 UTC 2018
#@# QSphere lh Mon Jan 29 08:59:29 UTC 2018
#@# QSphere rh Mon Jan 29 09:07:50 UTC 2018
#@# Fix Topology Copy lh Mon Jan 29 09:16:31 UTC 2018
#@# Fix Topology Copy rh Mon Jan 29 09:16:31 UTC 2018
#@# Fix Topology lh Mon Jan 29 09:16:31 UTC 2018
#@# Fix Topology rh Wed Jan 31 18:52:15 UTC 2018
#@# Make White Surf lh Fri Feb  2 15:13:31 UTC 2018
#@# Make White Surf rh Fri Feb  2 15:21:22 UTC 2018
#@# Smooth2 lh Fri Feb  2 15:30:34 UTC 2018
#@# Smooth2 rh Fri Feb  2 15:30:43 UTC 2018
#@# Inflation2 lh Fri Feb  2 15:30:49 UTC 2018
#@# Inflation2 rh Fri Feb  2 15:31:37 UTC 2018
#@# Curv .H and .K lh Fri Feb  2 15:32:32 UTC 2018
#@# Curv .H and .K rh Fri Feb  2 15:34:34 UTC 2018
#@# Curvature Stats lh Fri Feb  2 15:36:33 UTC 2018
#@# Curvature Stats rh Fri Feb  2 15:36:38 UTC 2018
#@# Sphere lh Fri Feb  2 15:36:44 UTC 2018
#@# Sphere rh Fri Feb  2 16:35:12 UTC 2018
#@# Surf Reg lh Fri Feb  2 18:28:33 UTC 2018
#@# Surf Reg rh Fri Feb  2 19:54:40 UTC 2018
#@# Jacobian white lh Fri Feb  2 21:28:56 UTC 2018
#@# Jacobian white rh Fri Feb  2 21:28:58 UTC 2018
#@# AvgCurv lh Fri Feb  2 21:29:02 UTC 2018
#@# AvgCurv rh Fri Feb  2 21:29:04 UTC 2018
#@# Cortical Parc lh Fri Feb  2 21:29:06 UTC 2018
#@# Cortical Parc rh Fri Feb  2 21:29:28 UTC 2018
#@# Make Pial Surf lh Fri Feb  2 21:29:50 UTC 2018
#@# Make Pial Surf rh Fri Feb  2 21:50:34 UTC 2018
#@# Surf Volume lh Fri Feb  2 22:13:44 UTC 2018
#@# Surf Volume rh Fri Feb  2 22:13:49 UTC 2018
#@# Cortical ribbon mask Fri Feb  2 22:13:54 UTC 2018
#@# Parcellation Stats lh Fri Feb  2 22:21:47 UTC 2018
#@# Parcellation Stats rh Fri Feb  2 22:23:54 UTC 2018
#@# Cortical Parc 2 lh Fri Feb  2 22:26:09 UTC 2018
#@# Cortical Parc 2 rh Fri Feb  2 22:26:34 UTC 2018
#@# Parcellation Stats 2 lh Fri Feb  2 22:27:02 UTC 2018
#@# Parcellation Stats 2 rh Fri Feb  2 22:28:06 UTC 2018
#@# Cortical Parc 3 lh Fri Feb  2 22:29:08 UTC 2018
#@# Cortical Parc 3 rh Fri Feb  2 22:29:32 UTC 2018
#@# Parcellation Stats 3 lh Fri Feb  2 22:29:56 UTC 2018
#@# Parcellation Stats 3 rh Fri Feb  2 22:30:56 UTC 2018
#@# WM/GM Contrast lh Fri Feb  2 22:32:01 UTC 2018
#@# WM/GM Contrast rh Fri Feb  2 22:32:12 UTC 2018
#@# Relabel Hypointensities Fri Feb  2 22:32:23 UTC 2018
#@# AParc-to-ASeg aparc Fri Feb  2 22:33:11 UTC 2018
#@# AParc-to-ASeg a2009s Fri Feb  2 22:43:35 UTC 2018
#@# AParc-to-ASeg DKTatlas Fri Feb  2 22:53:54 UTC 2018
#@# APas-to-ASeg Fri Feb  2 23:04:35 UTC 2018
#@# ASeg Stats Fri Feb  2 23:04:51 UTC 2018
#@# WMParc Fri Feb  2 23:15:23 UTC 2018
#@# BA_exvivo Labels lh Fri Feb  2 23:41:44 UTC 2018
#@# BA_exvivo Labels rh Fri Feb  2 23:49:46 UTC 2018
recon-all -s 3276 finished without error at Fri Feb  2 23:57:44 UTC 2018
