status file for recon-all
Sat Jan 27 01:24:10 UTC 2018
#@# MotionCor Sat Jan 27 01:24:14 UTC 2018
#@# Talairach Sat Jan 27 01:24:30 UTC 2018
#@# Talairach Failure Detection Sat Jan 27 01:33:24 UTC 2018
#@# Nu Intensity Correction Sat Jan 27 01:33:39 UTC 2018
#@# Intensity Normalization Sat Jan 27 02:00:48 UTC 2018
#@# Skull Stripping Sat Jan 27 02:09:28 UTC 2018
#@# EM Registration Sat Jan 27 03:07:15 UTC 2018
#@# CA Normalize Sat Jan 27 03:50:08 UTC 2018
#@# CA Reg Sat Jan 27 03:54:05 UTC 2018
#@# SubCort Seg Sat Jan 27 12:13:59 UTC 2018
#@# Merge ASeg Sat Jan 27 15:08:20 UTC 2018
#@# Intensity Normalization2 Sat Jan 27 15:08:20 UTC 2018
#@# Mask BFS Sat Jan 27 15:17:43 UTC 2018
#@# WM Segmentation Sat Jan 27 15:17:49 UTC 2018
#@# Fill Sat Jan 27 15:23:40 UTC 2018
#@# Tessellate lh Sat Jan 27 15:26:00 UTC 2018
#@# Tessellate rh Sat Jan 27 15:26:17 UTC 2018
#@# Smooth1 lh Sat Jan 27 15:26:33 UTC 2018
#@# Smooth1 rh Sat Jan 27 15:26:46 UTC 2018
#@# Inflation1 lh Sat Jan 27 15:26:58 UTC 2018
#@# Inflation1 rh Sat Jan 27 15:28:21 UTC 2018
#@# QSphere lh Sat Jan 27 15:29:37 UTC 2018
#@# QSphere rh Sat Jan 27 15:38:16 UTC 2018
#@# Fix Topology Copy lh Sat Jan 27 15:46:44 UTC 2018
#@# Fix Topology Copy rh Sat Jan 27 15:46:44 UTC 2018
#@# Fix Topology lh Sat Jan 27 15:46:44 UTC 2018
#@# Fix Topology rh Sat Jan 27 16:23:40 UTC 2018
#@# Make White Surf lh Sat Jan 27 16:57:16 UTC 2018
#@# Make White Surf rh Sat Jan 27 17:09:07 UTC 2018
#@# Smooth2 lh Sat Jan 27 17:20:38 UTC 2018
#@# Smooth2 rh Sat Jan 27 17:20:51 UTC 2018
#@# Inflation2 lh Sat Jan 27 17:21:03 UTC 2018
#@# Inflation2 rh Sat Jan 27 17:22:19 UTC 2018
#@# Curv .H and .K lh Sat Jan 27 17:23:36 UTC 2018
#@# Curv .H and .K rh Sat Jan 27 17:26:34 UTC 2018
#@# Curvature Stats lh Sat Jan 27 17:29:40 UTC 2018
#@# Curvature Stats rh Sat Jan 27 17:29:52 UTC 2018
#@# Sphere lh Sat Jan 27 17:30:01 UTC 2018
#@# Sphere rh Sat Jan 27 19:04:08 UTC 2018
#@# Surf Reg lh Sat Jan 27 20:33:21 UTC 2018
#@# Surf Reg rh Sat Jan 27 22:33:47 UTC 2018
#@# Jacobian white lh Sun Jan 28 00:25:08 UTC 2018
#@# Jacobian white rh Sun Jan 28 00:25:13 UTC 2018
#@# AvgCurv lh Sun Jan 28 00:25:18 UTC 2018
#@# AvgCurv rh Sun Jan 28 00:25:23 UTC 2018
#@# Cortical Parc lh Sun Jan 28 00:25:26 UTC 2018
#@# Cortical Parc rh Sun Jan 28 00:26:09 UTC 2018
#@# Make Pial Surf lh Sun Jan 28 00:26:47 UTC 2018
#@# Make Pial Surf rh Sun Jan 28 01:03:02 UTC 2018
#@# Surf Volume lh Sun Jan 28 01:37:51 UTC 2018
#@# Surf Volume rh Sun Jan 28 01:37:59 UTC 2018
#@# Cortical ribbon mask Sun Jan 28 01:38:07 UTC 2018
#@# Parcellation Stats lh Sun Jan 28 02:08:10 UTC 2018
#@# Parcellation Stats rh Sun Jan 28 02:11:38 UTC 2018
#@# Cortical Parc 2 lh Sun Jan 28 02:15:06 UTC 2018
#@# Cortical Parc 2 rh Sun Jan 28 02:15:57 UTC 2018
#@# Parcellation Stats 2 lh Sun Jan 28 02:16:45 UTC 2018
#@# Parcellation Stats 2 rh Sun Jan 28 02:18:25 UTC 2018
#@# Cortical Parc 3 lh Sun Jan 28 02:20:10 UTC 2018
#@# Cortical Parc 3 rh Sun Jan 28 02:20:50 UTC 2018
#@# Parcellation Stats 3 lh Sun Jan 28 02:21:30 UTC 2018
#@# Parcellation Stats 3 rh Sun Jan 28 02:23:05 UTC 2018
#@# WM/GM Contrast lh Sun Jan 28 02:24:47 UTC 2018
#@# WM/GM Contrast rh Sun Jan 28 02:25:03 UTC 2018
#@# Relabel Hypointensities Sun Jan 28 02:25:16 UTC 2018
#@# AParc-to-ASeg aparc Sun Jan 28 02:26:24 UTC 2018
#@# AParc-to-ASeg a2009s Sun Jan 28 02:38:34 UTC 2018
#@# AParc-to-ASeg DKTatlas Sun Jan 28 02:50:51 UTC 2018
#@# APas-to-ASeg Sun Jan 28 03:03:08 UTC 2018
#@# ASeg Stats Sun Jan 28 03:03:29 UTC 2018
#@# WMParc Sun Jan 28 03:15:32 UTC 2018
#@# BA_exvivo Labels lh Sun Jan 28 03:47:33 UTC 2018
#@# BA_exvivo Labels rh Sun Jan 28 03:59:54 UTC 2018
recon-all -s 3462 finished without error at Sun Jan 28 04:11:46 UTC 2018
