status file for recon-all
Sat Jan 27 01:25:26 UTC 2018
#@# MotionCor Sat Jan 27 01:25:36 UTC 2018
#@# Talairach Sat Jan 27 01:26:06 UTC 2018
#@# Talairach Failure Detection Sat Jan 27 01:42:01 UTC 2018
#@# Nu Intensity Correction Sat Jan 27 01:42:04 UTC 2018
#@# Intensity Normalization Sat Jan 27 02:03:44 UTC 2018
#@# Skull Stripping Sat Jan 27 02:12:52 UTC 2018
#@# EM Registration Sat Jan 27 03:16:36 UTC 2018
#@# CA Normalize Sat Jan 27 04:01:45 UTC 2018
#@# CA Reg Sat Jan 27 04:06:07 UTC 2018
#@# SubCort Seg Sat Jan 27 12:14:14 UTC 2018
#@# Merge ASeg Sat Jan 27 15:39:13 UTC 2018
#@# Intensity Normalization2 Sat Jan 27 15:39:13 UTC 2018
#@# Mask BFS Sat Jan 27 15:48:59 UTC 2018
#@# WM Segmentation Sat Jan 27 15:49:06 UTC 2018
#@# Fill Sat Jan 27 15:54:34 UTC 2018
#@# Tessellate lh Sat Jan 27 15:57:00 UTC 2018
#@# Tessellate rh Sat Jan 27 15:57:17 UTC 2018
#@# Smooth1 lh Sat Jan 27 15:57:35 UTC 2018
#@# Smooth1 rh Sat Jan 27 15:57:48 UTC 2018
#@# Inflation1 lh Sat Jan 27 15:58:00 UTC 2018
#@# Inflation1 rh Sat Jan 27 15:59:20 UTC 2018
#@# QSphere lh Sat Jan 27 16:00:44 UTC 2018
#@# QSphere rh Sat Jan 27 16:08:50 UTC 2018
#@# Fix Topology Copy lh Sat Jan 27 16:16:43 UTC 2018
#@# Fix Topology Copy rh Sat Jan 27 16:16:43 UTC 2018
#@# Fix Topology lh Sat Jan 27 16:16:43 UTC 2018
#@# Fix Topology rh Sat Jan 27 17:19:53 UTC 2018
#@# Make White Surf lh Sat Jan 27 18:29:26 UTC 2018
#@# Make White Surf rh Sat Jan 27 18:41:06 UTC 2018
#@# Smooth2 lh Sat Jan 27 18:52:57 UTC 2018
#@# Smooth2 rh Sat Jan 27 18:53:09 UTC 2018
#@# Inflation2 lh Sat Jan 27 18:53:20 UTC 2018
#@# Inflation2 rh Sat Jan 27 18:54:31 UTC 2018
#@# Curv .H and .K lh Sat Jan 27 18:55:42 UTC 2018
#@# Curv .H and .K rh Sat Jan 27 18:58:31 UTC 2018
#@# Curvature Stats lh Sat Jan 27 19:01:15 UTC 2018
#@# Curvature Stats rh Sat Jan 27 19:01:24 UTC 2018
#@# Sphere lh Sat Jan 27 19:01:32 UTC 2018
#@# Sphere rh Sat Jan 27 21:00:38 UTC 2018
#@# Surf Reg lh Sat Jan 27 22:19:31 UTC 2018
#@# Surf Reg rh Sun Jan 28 00:16:50 UTC 2018
#@# Jacobian white lh Sun Jan 28 02:01:47 UTC 2018
#@# Jacobian white rh Sun Jan 28 02:01:51 UTC 2018
#@# AvgCurv lh Sun Jan 28 02:01:56 UTC 2018
#@# AvgCurv rh Sun Jan 28 02:01:59 UTC 2018
#@# Cortical Parc lh Sun Jan 28 02:02:01 UTC 2018
#@# Cortical Parc rh Sun Jan 28 02:02:33 UTC 2018
#@# Make Pial Surf lh Sun Jan 28 02:03:06 UTC 2018
#@# Make Pial Surf rh Sun Jan 28 02:35:31 UTC 2018
#@# Surf Volume lh Sun Jan 28 03:08:47 UTC 2018
#@# Surf Volume rh Sun Jan 28 03:08:55 UTC 2018
#@# Cortical ribbon mask Sun Jan 28 03:09:02 UTC 2018
#@# Parcellation Stats lh Sun Jan 28 03:42:11 UTC 2018
#@# Parcellation Stats rh Sun Jan 28 03:45:13 UTC 2018
#@# Cortical Parc 2 lh Sun Jan 28 03:48:24 UTC 2018
#@# Cortical Parc 2 rh Sun Jan 28 03:49:10 UTC 2018
#@# Parcellation Stats 2 lh Sun Jan 28 03:49:56 UTC 2018
#@# Parcellation Stats 2 rh Sun Jan 28 03:51:33 UTC 2018
#@# Cortical Parc 3 lh Sun Jan 28 03:53:14 UTC 2018
#@# Cortical Parc 3 rh Sun Jan 28 03:53:51 UTC 2018
#@# Parcellation Stats 3 lh Sun Jan 28 03:54:27 UTC 2018
#@# Parcellation Stats 3 rh Sun Jan 28 03:56:07 UTC 2018
#@# WM/GM Contrast lh Sun Jan 28 03:57:40 UTC 2018
#@# WM/GM Contrast rh Sun Jan 28 03:57:54 UTC 2018
#@# Relabel Hypointensities Sun Jan 28 03:58:07 UTC 2018
#@# AParc-to-ASeg aparc Sun Jan 28 03:59:11 UTC 2018
#@# AParc-to-ASeg a2009s Sun Jan 28 04:13:24 UTC 2018
#@# AParc-to-ASeg DKTatlas Sun Jan 28 04:26:56 UTC 2018
#@# APas-to-ASeg Sun Jan 28 04:39:17 UTC 2018
#@# ASeg Stats Sun Jan 28 04:39:31 UTC 2018
#@# WMParc Sun Jan 28 04:49:21 UTC 2018
#@# BA_exvivo Labels lh Sun Jan 28 05:12:33 UTC 2018
#@# BA_exvivo Labels rh Sun Jan 28 05:22:36 UTC 2018
recon-all -s 3967 finished without error at Sun Jan 28 05:32:23 UTC 2018
